2022-02-28 09:59:18,727 [INFO] com.aditya.hms.HotelServiceTesting[1.] [main] Starting HotelServiceTesting using Java 17.0.1 on 197NODMBT2811.local with PID 31291 (started by adityachaturvedi in /Users/adityachaturvedi/Documents/workspace-spring-tool-suite-4-4.13.0.RELEASE/hotel_management)
2022-02-28 09:59:18,731 [INFO] com.aditya.hms.HotelServiceTesting[1.] [main] No active profile set, falling back to default profiles: default
2022-02-28 09:59:18,799 [INFO] com.aditya.hms.HotelServiceTesting[1.] [main] Started HotelServiceTesting in 0.464 seconds (JVM running for 1.04)
2022-02-28 09:59:19,168 [INFO] com.aditya.hms.service.impl.HotelServiceImpl[1.] [main] no hotels present for given city
2022-02-28 10:02:13,673 [INFO] com.aditya.hms.BookingServiceTesting[1.] [main] Starting BookingServiceTesting using Java 17.0.1 on 197NODMBT2811.local with PID 31360 (started by adityachaturvedi in /Users/adityachaturvedi/Documents/workspace-spring-tool-suite-4-4.13.0.RELEASE/hotel_management)
2022-02-28 10:02:13,674 [INFO] com.aditya.hms.BookingServiceTesting[1.] [main] No active profile set, falling back to default profiles: default
2022-02-28 10:02:13,734 [INFO] com.aditya.hms.BookingServiceTesting[1.] [main] Started BookingServiceTesting in 0.387 seconds (JVM running for 0.866)
2022-02-28 10:02:48,016 [INFO] com.aditya.hms.BookingServiceTesting[1.] [main] Starting BookingServiceTesting using Java 17.0.1 on 197NODMBT2811.local with PID 31375 (started by adityachaturvedi in /Users/adityachaturvedi/Documents/workspace-spring-tool-suite-4-4.13.0.RELEASE/hotel_management)
2022-02-28 10:02:48,017 [INFO] com.aditya.hms.BookingServiceTesting[1.] [main] No active profile set, falling back to default profiles: default
2022-02-28 10:02:48,076 [INFO] com.aditya.hms.BookingServiceTesting[1.] [main] Started BookingServiceTesting in 0.191 seconds (JVM running for 0.64)
2022-02-28 10:04:52,887 [INFO] com.aditya.hms.BookingServiceTesting[1.] [main] Starting BookingServiceTesting using Java 17.0.1 on 197NODMBT2811.local with PID 31445 (started by adityachaturvedi in /Users/adityachaturvedi/Documents/workspace-spring-tool-suite-4-4.13.0.RELEASE/hotel_management)
2022-02-28 10:04:52,887 [INFO] com.aditya.hms.BookingServiceTesting[1.] [main] No active profile set, falling back to default profiles: default
2022-02-28 10:04:52,943 [INFO] com.aditya.hms.BookingServiceTesting[1.] [main] Started BookingServiceTesting in 0.349 seconds (JVM running for 0.806)
2022-02-28 10:09:33,544 [INFO] com.aditya.hms.BookingServiceTesting[1.] [main] Starting BookingServiceTesting using Java 17.0.1 on 197NODMBT2811.local with PID 31539 (started by adityachaturvedi in /Users/adityachaturvedi/Documents/workspace-spring-tool-suite-4-4.13.0.RELEASE/hotel_management)
2022-02-28 10:09:33,544 [INFO] com.aditya.hms.BookingServiceTesting[1.] [main] No active profile set, falling back to default profiles: default
2022-02-28 10:09:33,600 [INFO] com.aditya.hms.BookingServiceTesting[1.] [main] Started BookingServiceTesting in 0.477 seconds (JVM running for 0.923)
2022-02-28 10:20:01,132 [INFO] com.aditya.hms.HotelServiceTesting[1.] [main] Starting HotelServiceTesting using Java 17.0.1 on 197NODMBT2811.local with PID 31846 (started by adityachaturvedi in /Users/adityachaturvedi/Documents/workspace-spring-tool-suite-4-4.13.0.RELEASE/hotel_management)
2022-02-28 10:20:01,133 [INFO] com.aditya.hms.HotelServiceTesting[1.] [main] No active profile set, falling back to default profiles: default
2022-02-28 10:20:01,190 [INFO] com.aditya.hms.HotelServiceTesting[1.] [main] Started HotelServiceTesting in 0.354 seconds (JVM running for 0.846)
2022-02-28 10:20:01,550 [INFO] com.aditya.hms.service.impl.HotelServiceImpl[1.] [main] no hotels present for given city
2022-02-28 10:20:29,442 [INFO] com.aditya.hms.HotelServiceTesting[1.] [main] Starting HotelServiceTesting using Java 17.0.1 on 197NODMBT2811.local with PID 31856 (started by adityachaturvedi in /Users/adityachaturvedi/Documents/workspace-spring-tool-suite-4-4.13.0.RELEASE/hotel_management)
2022-02-28 10:20:29,443 [INFO] com.aditya.hms.HotelServiceTesting[1.] [main] No active profile set, falling back to default profiles: default
2022-02-28 10:20:29,498 [INFO] com.aditya.hms.HotelServiceTesting[1.] [main] Started HotelServiceTesting in 0.19 seconds (JVM running for 0.663)
2022-02-28 10:20:29,852 [INFO] com.aditya.hms.service.impl.HotelServiceImpl[1.] [main] no hotels present for given city
2022-02-28 10:22:45,629 [INFO] com.aditya.hms.HotelServiceTesting[1.] [main] Starting HotelServiceTesting using Java 17.0.1 on 197NODMBT2811.local with PID 31905 (started by adityachaturvedi in /Users/adityachaturvedi/Documents/workspace-spring-tool-suite-4-4.13.0.RELEASE/hotel_management)
2022-02-28 10:22:45,630 [INFO] com.aditya.hms.HotelServiceTesting[1.] [main] No active profile set, falling back to default profiles: default
2022-02-28 10:22:45,692 [INFO] com.aditya.hms.HotelServiceTesting[1.] [main] Started HotelServiceTesting in 0.556 seconds (JVM running for 1.016)
2022-02-28 10:22:46,044 [INFO] com.aditya.hms.service.impl.HotelServiceImpl[1.] [main] no hotels present for given city
2022-02-28 10:24:25,009 [INFO] com.aditya.hms.HotelServiceTesting[1.] [main] Starting HotelServiceTesting using Java 17.0.1 on 197NODMBT2811.local with PID 31952 (started by adityachaturvedi in /Users/adityachaturvedi/Documents/workspace-spring-tool-suite-4-4.13.0.RELEASE/hotel_management)
2022-02-28 10:24:25,010 [INFO] com.aditya.hms.HotelServiceTesting[1.] [main] No active profile set, falling back to default profiles: default
2022-02-28 10:24:25,069 [INFO] com.aditya.hms.HotelServiceTesting[1.] [main] Started HotelServiceTesting in 0.187 seconds (JVM running for 0.655)
2022-02-28 10:24:25,436 [INFO] com.aditya.hms.service.impl.HotelServiceImpl[1.] [main] no hotels present for given city
2022-02-28 10:28:42,791 [INFO] com.aditya.hms.HotelServiceTesting[1.] [main] Starting HotelServiceTesting using Java 17.0.1 on 197NODMBT2811.local with PID 32057 (started by adityachaturvedi in /Users/adityachaturvedi/Documents/workspace-spring-tool-suite-4-4.13.0.RELEASE/hotel_management)
2022-02-28 10:28:42,792 [INFO] com.aditya.hms.HotelServiceTesting[1.] [main] No active profile set, falling back to default profiles: default
2022-02-28 10:28:42,851 [INFO] com.aditya.hms.HotelServiceTesting[1.] [main] Started HotelServiceTesting in 0.477 seconds (JVM running for 0.919)
2022-02-28 10:28:43,218 [INFO] com.aditya.hms.service.impl.HotelServiceImpl[1.] [main] no hotels present for given city
2022-02-28 10:29:35,995 [INFO] com.aditya.hms.HotelServiceTesting[1.] [main] Starting HotelServiceTesting using Java 17.0.1 on 197NODMBT2811.local with PID 32078 (started by adityachaturvedi in /Users/adityachaturvedi/Documents/workspace-spring-tool-suite-4-4.13.0.RELEASE/hotel_management)
2022-02-28 10:29:35,996 [INFO] com.aditya.hms.HotelServiceTesting[1.] [main] No active profile set, falling back to default profiles: default
2022-02-28 10:29:36,060 [INFO] com.aditya.hms.HotelServiceTesting[1.] [main] Started HotelServiceTesting in 0.199 seconds (JVM running for 0.739)
2022-02-28 10:29:36,427 [INFO] com.aditya.hms.service.impl.HotelServiceImpl[1.] [main] no hotels present for given city
2022-02-28 10:30:43,908 [INFO] com.aditya.hms.HotelServiceTesting[1.] [main] Starting HotelServiceTesting using Java 17.0.1 on 197NODMBT2811.local with PID 32097 (started by adityachaturvedi in /Users/adityachaturvedi/Documents/workspace-spring-tool-suite-4-4.13.0.RELEASE/hotel_management)
2022-02-28 10:30:43,909 [INFO] com.aditya.hms.HotelServiceTesting[1.] [main] No active profile set, falling back to default profiles: default
2022-02-28 10:30:43,967 [INFO] com.aditya.hms.HotelServiceTesting[1.] [main] Started HotelServiceTesting in 0.505 seconds (JVM running for 0.969)
2022-02-28 10:31:54,747 [INFO] com.aditya.hms.HotelServiceTesting[1.] [main] Starting HotelServiceTesting using Java 17.0.1 on 197NODMBT2811.local with PID 32130 (started by adityachaturvedi in /Users/adityachaturvedi/Documents/workspace-spring-tool-suite-4-4.13.0.RELEASE/hotel_management)
2022-02-28 10:31:54,748 [INFO] com.aditya.hms.HotelServiceTesting[1.] [main] No active profile set, falling back to default profiles: default
2022-02-28 10:31:54,808 [INFO] com.aditya.hms.HotelServiceTesting[1.] [main] Started HotelServiceTesting in 0.197 seconds (JVM running for 0.713)
2022-02-28 10:36:48,326 [INFO] com.aditya.hms.HotelServiceTesting[1.] [main] Starting HotelServiceTesting using Java 17.0.1 on 197NODMBT2811.local with PID 32233 (started by adityachaturvedi in /Users/adityachaturvedi/Documents/workspace-spring-tool-suite-4-4.13.0.RELEASE/hotel_management)
2022-02-28 10:36:48,327 [INFO] com.aditya.hms.HotelServiceTesting[1.] [main] No active profile set, falling back to default profiles: default
2022-02-28 10:36:48,392 [INFO] com.aditya.hms.HotelServiceTesting[1.] [main] Started HotelServiceTesting in 0.459 seconds (JVM running for 0.938)
2022-02-28 10:41:10,908 [INFO] com.aditya.hms.HotelServiceTesting[1.] [main] Starting HotelServiceTesting using Java 17.0.1 on 197NODMBT2811.local with PID 32512 (started by adityachaturvedi in /Users/adityachaturvedi/Documents/workspace-spring-tool-suite-4-4.13.0.RELEASE/hotel_management)
2022-02-28 10:41:10,909 [INFO] com.aditya.hms.HotelServiceTesting[1.] [main] No active profile set, falling back to default profiles: default
2022-02-28 10:41:10,968 [INFO] com.aditya.hms.HotelServiceTesting[1.] [main] Started HotelServiceTesting in 0.467 seconds (JVM running for 0.911)
2022-02-28 10:43:04,221 [INFO] com.aditya.hms.HotelServiceTesting[1.] [main] Starting HotelServiceTesting using Java 17.0.1 on 197NODMBT2811.local with PID 32547 (started by adityachaturvedi in /Users/adityachaturvedi/Documents/workspace-spring-tool-suite-4-4.13.0.RELEASE/hotel_management)
2022-02-28 10:43:04,222 [INFO] com.aditya.hms.HotelServiceTesting[1.] [main] No active profile set, falling back to default profiles: default
2022-02-28 10:43:04,278 [INFO] com.aditya.hms.HotelServiceTesting[1.] [main] Started HotelServiceTesting in 0.192 seconds (JVM running for 0.649)
2022-02-28 10:44:40,297 [INFO] com.aditya.hms.HotelServiceTesting[1.] [main] Starting HotelServiceTesting using Java 17.0.1 on 197NODMBT2811.local with PID 32584 (started by adityachaturvedi in /Users/adityachaturvedi/Documents/workspace-spring-tool-suite-4-4.13.0.RELEASE/hotel_management)
2022-02-28 10:44:40,298 [INFO] com.aditya.hms.HotelServiceTesting[1.] [main] No active profile set, falling back to default profiles: default
2022-02-28 10:44:40,353 [INFO] com.aditya.hms.HotelServiceTesting[1.] [main] Started HotelServiceTesting in 0.455 seconds (JVM running for 0.901)
2022-02-28 10:46:57,562 [INFO] com.aditya.hms.HotelServiceTesting[1.] [main] Starting HotelServiceTesting using Java 17.0.1 on 197NODMBT2811.local with PID 32653 (started by adityachaturvedi in /Users/adityachaturvedi/Documents/workspace-spring-tool-suite-4-4.13.0.RELEASE/hotel_management)
2022-02-28 10:46:57,564 [INFO] com.aditya.hms.HotelServiceTesting[1.] [main] No active profile set, falling back to default profiles: default
2022-02-28 10:46:57,629 [INFO] com.aditya.hms.HotelServiceTesting[1.] [main] Started HotelServiceTesting in 0.495 seconds (JVM running for 0.965)
2022-02-28 10:49:54,994 [INFO] com.aditya.hms.HotelServiceTesting[1.] [main] Starting HotelServiceTesting using Java 17.0.1 on 197NODMBT2811.local with PID 32729 (started by adityachaturvedi in /Users/adityachaturvedi/Documents/workspace-spring-tool-suite-4-4.13.0.RELEASE/hotel_management)
2022-02-28 10:49:54,995 [INFO] com.aditya.hms.HotelServiceTesting[1.] [main] No active profile set, falling back to default profiles: default
2022-02-28 10:49:55,050 [INFO] com.aditya.hms.HotelServiceTesting[1.] [main] Started HotelServiceTesting in 0.355 seconds (JVM running for 0.834)
2022-02-28 11:03:10,115 [INFO] com.aditya.hms.HotelServiceTesting[1.] [main] Starting HotelServiceTesting using Java 17.0.1 on 197NODMBT2811.local with PID 33226 (started by adityachaturvedi in /Users/adityachaturvedi/Documents/workspace-spring-tool-suite-4-4.13.0.RELEASE/hotel_management)
2022-02-28 11:03:10,116 [INFO] com.aditya.hms.HotelServiceTesting[1.] [main] No active profile set, falling back to default profiles: default
2022-02-28 11:03:10,172 [INFO] com.aditya.hms.HotelServiceTesting[1.] [main] Started HotelServiceTesting in 0.555 seconds (JVM running for 1.076)
